MyAndroidCapstone/app/build/intermediates/manifest_merge_blame_file/debug/manifest-merger-blame-debug-report.txt
1<?xml version="1.0" encoding="utf-8"?>
2<manifest xmlns:android="http://schemas.android.com/apk/res/android"
3    package="com.example.myapplication"
4    android:versionCode="1"
5    android:versionName="1.0" >
6
7    <uses-sdk
8        android:minSdkVersion="29"
8-->src\main\AndroidManifest.xml
9        android:targetSdkVersion="29" />
9-->src\main\AndroidManifest.xml
10
11    <uses-permission android:name="android.permission.INTERNET" />
11-->src\main\AndroidManifest.xml:5:5-67
11-->src\main\AndroidManifest.xml:5:22-64
12
13    <uses-feature
13-->[com.naver.maps:map-sdk:3.8.0] AndroidManifest.xml:11:5-13:35
14        android:glEsVersion="0x00020000"
14-->[com.naver.maps:map-sdk:3.8.0] AndroidManifest.xml:12:9-41
15        android:required="true" />
15-->[com.naver.maps:map-sdk:3.8.0] AndroidManifest.xml:13:9-32
16    <uses-feature
16-->[com.naver.maps:map-sdk:3.8.0] AndroidManifest.xml:14:5-16:36
17        android:name="android.hardware.wifi"
17-->[com.naver.maps:map-sdk:3.8.0] AndroidManifest.xml:15:9-45
18        android:required="false" />
18-->[com.naver.maps:map-sdk:3.8.0] AndroidManifest.xml:16:9-33
19
20    <uses-permission android:name="android.permission.ACCESS_NETWORK_STATE" />
20-->[com.naver.maps:map-sdk:3.8.0] AndroidManifest.xml:19:5-79
20-->[com.naver.maps:map-sdk:3.8.0] AndroidManifest.xml:19:22-76
21    <uses-permission android:name="android.permission.ACCESS_WIFI_STATE" />
21-->[com.naver.maps:map-sdk:3.8.0] AndroidManifest.xml:20:5-76
21-->[com.naver.maps:map-sdk:3.8.0] AndroidManifest.xml:20:22-73
22
23    <application
23-->src\main\AndroidManifest.xml:7:5-40:19
24        android:allowBackup="true"
24-->src\main\AndroidManifest.xml:8:9-35
25        android:appComponentFactory="androidx.core.app.CoreComponentFactory"
25-->[androidx.core:core:1.1.0] AndroidManifest.xml:24:18-86
26        android:debuggable="true"
27        android:extractNativeLibs="false"
28        android:icon="@mipmap/ic_launcher"
28-->src\main\AndroidManifest.xml:9:9-43
29        android:label="@string/app_name"
29-->src\main\AndroidManifest.xml:10:9-41
30        android:roundIcon="@mipmap/ic_launcher_round"
30-->src\main\AndroidManifest.xml:11:9-54
31        android:supportsRtl="true"
31-->src\main\AndroidManifest.xml:12:9-35
32        android:testOnly="true"
33        android:theme="@style/AppTheme"
33-->src\main\AndroidManifest.xml:13:9-40
34        android:usesCleartextTraffic="true" >
34-->src\main\AndroidManifest.xml:14:9-44
35        <meta-data
35-->src\main\AndroidManifest.xml:16:9-18:42
36            android:name="com.naver.maps.map.CLIENT_ID"
36-->src\main\AndroidManifest.xml:17:13-56
37            android:value="ow7zpezuez" />
37-->src\main\AndroidManifest.xml:18:13-39
38
39        <activity android:name="com.example.myapplication.Dae_MainActivity" >
39-->src\main\AndroidManifest.xml:20:9-26:20
39-->src\main\AndroidManifest.xml:20:19-51
40            <intent-filter>
40-->src\main\AndroidManifest.xml:21:13-25:29
41                <action android:name="android.intent.action.MAIN" />
41-->src\main\AndroidManifest.xml:22:17-69
41-->src\main\AndroidManifest.xml:22:25-66
42
43                <category android:name="android.intent.category.LAUNCHER" />
43-->src\main\AndroidManifest.xml:24:17-77
43-->src\main\AndroidManifest.xml:24:27-74
44            </intent-filter>
45        </activity>
46        <activity android:name="com.example.myapplication.Drawerlayout" />
46-->src\main\AndroidManifest.xml:27:9-59
46-->src\main\AndroidManifest.xml:27:19-47
47        <activity android:name="com.example.myapplication.WriteActivity" />
47-->src\main\AndroidManifest.xml:28:9-60
47-->src\main\AndroidManifest.xml:28:19-48
48        <activity android:name="com.example.myapplication.MainActivity" />
48-->src\main\AndroidManifest.xml:30:9-59
48-->src\main\AndroidManifest.xml:30:19-47
49        <activity android:name="com.example.myapplication.MapSearchActivity" />
49-->src\main\AndroidManifest.xml:31:9-64
49-->src\main\AndroidManifest.xml:31:19-52
50        <activity android:name="com.example.myapplication.HomeActivity" />
50-->src\main\AndroidManifest.xml:32:9-50
50-->src\main\AndroidManifest.xml:32:19-47
51        <activity android:name="com.example.myapplication.Join" />
51-->src\main\AndroidManifest.xml:33:9-42
51-->src\main\AndroidManifest.xml:33:19-39
52        <activity android:name="com.example.myapplication.Write" />
52-->src\main\AndroidManifest.xml:34:9-43
52-->src\main\AndroidManifest.xml:34:19-40
53        <activity android:name="com.example.myapplication.Find" />
53-->src\main\AndroidManifest.xml:35:9-42
53-->src\main\AndroidManifest.xml:35:19-39
54        <activity android:name="com.example.myapplication.MapActivity" />
54-->src\main\AndroidManifest.xml:36:9-49
54-->src\main\AndroidManifest.xml:36:19-46
55        <activity android:name="com.example.myapplication.ReportActivity" />
55-->src\main\AndroidManifest.xml:38:9-52
55-->src\main\AndroidManifest.xml:38:19-49
56        <activity
56-->[com.naver.maps:map-sdk:3.8.0] AndroidManifest.xml:23:9-27:51
57            android:name="com.naver.maps.map.app.LegendActivity"
57-->[com.naver.maps:map-sdk:3.8.0] AndroidManifest.xml:24:13-65
58            android:configChanges="screenSize|smallestScreenSize|screenLayout|orientation"
58-->[com.naver.maps:map-sdk:3.8.0] AndroidManifest.xml:25:13-91
59            android:label="@string/navermap_legend"
59-->[com.naver.maps:map-sdk:3.8.0] AndroidManifest.xml:26:13-52
60            android:theme="@style/navermap_app" />
60-->[com.naver.maps:map-sdk:3.8.0] AndroidManifest.xml:27:13-48
61        <activity
61-->[com.naver.maps:map-sdk:3.8.0] AndroidManifest.xml:28:9-32:51
62            android:name="com.naver.maps.map.app.LegalNoticeActivity"
62-->[com.naver.maps:map-sdk:3.8.0] AndroidManifest.xml:29:13-70
63            android:configChanges="screenSize|smallestScreenSize|screenLayout|orientation"
63-->[com.naver.maps:map-sdk:3.8.0] AndroidManifest.xml:30:13-91
64            android:label="@string/navermap_legal_notice"
64-->[com.naver.maps:map-sdk:3.8.0] AndroidManifest.xml:31:13-58
65            android:theme="@style/navermap_app" />
65-->[com.naver.maps:map-sdk:3.8.0] AndroidManifest.xml:32:13-48
66        <activity
66-->[com.naver.maps:map-sdk:3.8.0] AndroidManifest.xml:33:9-37:51
67            android:name="com.naver.maps.map.app.OpenSourceLicenseActivity"
67-->[com.naver.maps:map-sdk:3.8.0] AndroidManifest.xml:34:13-76
68            android:configChanges="screenSize|smallestScreenSize|screenLayout|orientation"
68-->[com.naver.maps:map-sdk:3.8.0] AndroidManifest.xml:35:13-91
69            android:label="@string/navermap_open_source_license"
69-->[com.naver.maps:map-sdk:3.8.0] AndroidManifest.xml:36:13-65
70            android:theme="@style/navermap_app" />
70-->[com.naver.maps:map-sdk:3.8.0] AndroidManifest.xml:37:13-48
71
72        <service
72-->[com.google.firebase:firebase-firestore:21.4.3] AndroidManifest.xml:17:9-23:19
73            android:name="com.google.firebase.components.ComponentDiscoveryService"
73-->[com.google.firebase:firebase-firestore:21.4.3] AndroidManifest.xml:18:13-84
74            android:directBootAware="true"
74-->[com.google.firebase:firebase-common:19.3.0] AndroidManifest.xml:34:13-43
75            android:exported="false" >
75-->[com.google.firebase:firebase-firestore:21.4.3] AndroidManifest.xml:19:13-37
76            <meta-data
76-->[com.google.firebase:firebase-firestore:21.4.3] AndroidManifest.xml:20:13-22:85
77                android:name="com.google.firebase.components:com.google.firebase.firestore.FirestoreRegistrar"
77-->[com.google.firebase:firebase-firestore:21.4.3] AndroidManifest.xml:21:17-111
78                android:value="com.google.firebase.components.ComponentRegistrar" />
78-->[com.google.firebase:firebase-firestore:21.4.3] AndroidManifest.xml:22:17-82
79        </service>
80
81        <activity
81-->[com.google.android.gms:play-services-base:17.0.0] AndroidManifest.xml:23:9-26:75
82            android:name="com.google.android.gms.common.api.GoogleApiActivity"
82-->[com.google.android.gms:play-services-base:17.0.0] AndroidManifest.xml:24:13-79
83            android:exported="false"
83-->[com.google.android.gms:play-services-base:17.0.0] AndroidManifest.xml:25:13-37
84            android:theme="@android:style/Theme.Translucent.NoTitleBar" />
84-->[com.google.android.gms:play-services-base:17.0.0] AndroidManifest.xml:26:13-72
85
86        <provider
86-->[com.google.firebase:firebase-common:19.3.0] AndroidManifest.xml:26:9-30:39
87            android:name="com.google.firebase.provider.FirebaseInitProvider"
87-->[com.google.firebase:firebase-common:19.3.0] AndroidManifest.xml:27:13-77
88            android:authorities="com.example.myapplication.firebaseinitprovider"
88-->[com.google.firebase:firebase-common:19.3.0] AndroidManifest.xml:28:13-72
89            android:exported="false"
89-->[com.google.firebase:firebase-common:19.3.0] AndroidManifest.xml:29:13-37
90            android:initOrder="100" />
90-->[com.google.firebase:firebase-common:19.3.0] AndroidManifest.xml:30:13-36
91
92        <meta-data
92-->[com.google.android.gms:play-services-basement:17.0.0] AndroidManifest.xml:23:9-25:69
93            android:name="com.google.android.gms.version"
93-->[com.google.android.gms:play-services-basement:17.0.0] AndroidManifest.xml:24:13-58
94            android:value="@integer/google_play_services_version" />
94-->[com.google.android.gms:play-services-basement:17.0.0] AndroidManifest.xml:25:13-66
95    </application>
96
97</manifest>